mode: atomic
hexapi/handler/personHandler.go:19.78,21.16 2 2
hexapi/handler/personHandler.go:21.16,24.17 3 1
hexapi/handler/personHandler.go:24.17,25.36 1 0
hexapi/handler/personHandler.go:27.3,27.9 1 1
hexapi/handler/personHandler.go:29.2,29.72 1 1
hexapi/handler/personHandler.go:32.78,35.16 3 0
hexapi/handler/personHandler.go:35.16,39.3 3 0
hexapi/handler/personHandler.go:40.2,41.16 2 0
hexapi/handler/personHandler.go:41.16,45.3 3 0
hexapi/handler/personHandler.go:46.2,46.69 1 0
hexapi/handler/personHandler.go:49.77,52.16 3 0
hexapi/handler/personHandler.go:52.16,56.3 3 0
hexapi/handler/personHandler.go:57.2,58.16 2 0
hexapi/handler/personHandler.go:58.16,62.3 3 0
hexapi/handler/personHandler.go:63.2,63.35 1 0
hexapi/handler/personHandler.go:66.68,68.2 1 2
